0 info it worked if it ends with ok
1 verbose cli [ 'C:\\Program Files\\nodejs\\node.exe',
1 verbose cli   'C:\\Users\\IBAD SIDDIQUI\\AppData\\Roaming\\npm\\node_modules\\npm\\bin\\npm-cli.js',
1 verbose cli   'start' ]
2 info using npm@3.10.8
3 info using node@v8.10.0
4 verbose run-script [ 'prestart', 'start', 'poststart' ]
5 info lifecycle application-name@0.0.1~prestart: application-name@0.0.1
6 silly lifecycle application-name@0.0.1~prestart: no script for prestart, continuing
7 info lifecycle application-name@0.0.1~start: application-name@0.0.1
8 verbose lifecycle application-name@0.0.1~start: unsafe-perm in lifecycle true
9 verbose lifecycle application-name@0.0.1~start: PATH: C:\Users\IBAD SIDDIQUI\AppData\Roaming\npm\node_modules\npm\bin\node-gyp-bin;C:\Users\IBAD SIDDIQUI\Desktop\NodeJS Fundatmentals\Working With Node\10- Layout With Jade\node_modules\.bin;C:\ProgramData\Oracle\Java\javapath;D:\Oracle\product\12.1.0\dbhome_1\bin;C:\Program Files (x86)\Intel\iCLS Client\;C:\Program Files\Intel\iCLS Client\;C:\WINDOWS\system32;C:\WINDOWS;C:\WINDOWS\System32\Wbem;C:\WINDOWS\System32\WindowsPowerShell\v1.0\;C:\Program Files (x86)\ATI Technologies\ATI.ACE\Core-Static;C:\Program Files (x86)\Intel\Intel(R) Management Engine Components\DAL;C:\Program Files\Intel\Intel(R) Management Engine Components\DAL;C:\Program Files (x86)\Intel\Intel(R) Management Engine Components\IPT;C:\Program Files\Intel\Intel(R) Management Engine Components\IPT;C:\Program Files\Git\cmd;C:\Program Files (x86)\Skype\Phone\;C:\Program Files (x86)\Yarn\bin;C:\Android\sdk;C:\Program Files\Anaconda3;C:\Program Files\Anaconda3\Scripts;C:\Program Files\Anaconda3\Library\bin;C:\Program Files\MongoDB\Server\3.4\bin;C:\Program Files\MySQL\MySQL Utilities 1.6\;C:\Program Files\Java\jdk1.8.0_144\bin;C:\Program Files (x86)\WANdisco\Subversion;C:\Program Files (x86)\GtkSharp\2.12\bin;C:\Program Files\Intel\WiFi\bin\;C:\Program Files\Common Files\Intel\WirelessCommon\;C:\Program Files (x86)\Windows Kits\8.1\Windows Performance Toolkit\;C:\Program Files\nodejs\;C:\Geth;C:\Program Files\SlikSvn\bin;C:\WINDOWS\System32\OpenSSH\;C:\Users\IBAD SIDDIQUI\AppData\Local\Programs\Python\Python35\Scripts\;C:\Users\IBAD SIDDIQUI\AppData\Local\Programs\Python\Python35\;C:\Program Files\Intel\WiFi\bin\;C:\Program Files\Common Files\Intel\WirelessCommon\;C:\Program Files\Java\jdk1.8.0_144\bin;C:\Program Files (x86)\Microsoft VS Code\bin;C:\Program Files (x86)\nodejs;D:\TASM\BIN;C:\Program Files (x86)\FreeArc\bin;C:\Users\IBAD SIDDIQUI\AppData\Local\Microsoft\WindowsApps;C:\Users\IBAD SIDDIQUI\AppData\Local\Yarn\.bin;C:\Program Files (x86)\WANdisco\Subversion;C:\Users\IBAD SIDDIQUI\AppData\Roaming\npm;C:\Geth;;%USERPROFILE%\AppData\Local\Microsoft\WindowsApps
10 verbose lifecycle application-name@0.0.1~start: CWD: C:\Users\IBAD SIDDIQUI\Desktop\NodeJS Fundatmentals\Working With Node\10- Layout With Jade
11 silly lifecycle application-name@0.0.1~start: Args: [ '/d /s /c', 'node app.js' ]
12 silly lifecycle application-name@0.0.1~start: Returned: code: 1  signal: null
13 info lifecycle application-name@0.0.1~start: Failed to exec start script
14 verbose stack Error: application-name@0.0.1 start: `node app.js`
14 verbose stack Exit status 1
14 verbose stack     at EventEmitter.<anonymous> (C:\Users\IBAD SIDDIQUI\AppData\Roaming\npm\node_modules\npm\lib\utils\lifecycle.js:255:16)
14 verbose stack     at emitTwo (events.js:126:13)
14 verbose stack     at EventEmitter.emit (events.js:214:7)
14 verbose stack     at ChildProcess.<anonymous> (C:\Users\IBAD SIDDIQUI\AppData\Roaming\npm\node_modules\npm\lib\utils\spawn.js:40:14)
14 verbose stack     at emitTwo (events.js:126:13)
14 verbose stack     at ChildProcess.emit (events.js:214:7)
14 verbose stack     at maybeClose (internal/child_process.js:925:16)
14 verbose stack     at Process.ChildProcess._handle.onexit (internal/child_process.js:209:5)
15 verbose pkgid application-name@0.0.1
16 verbose cwd C:\Users\IBAD SIDDIQUI\Desktop\NodeJS Fundatmentals\Working With Node\10- Layout With Jade
17 error Windows_NT 10.0.17134
18 error argv "C:\\Program Files\\nodejs\\node.exe" "C:\\Users\\IBAD SIDDIQUI\\AppData\\Roaming\\npm\\node_modules\\npm\\bin\\npm-cli.js" "start"
19 error node v8.10.0
20 error npm  v3.10.8
21 error code ELIFECYCLE
22 error application-name@0.0.1 start: `node app.js`
22 error Exit status 1
23 error Failed at the application-name@0.0.1 start script 'node app.js'.
23 error Make sure you have the latest version of node.js and npm installed.
23 error If you do, this is most likely a problem with the application-name package,
23 error not with npm itself.
23 error Tell the author that this fails on your system:
23 error     node app.js
23 error You can get information on how to open an issue for this project with:
23 error     npm bugs application-name
23 error Or if that isn't available, you can get their info via:
23 error     npm owner ls application-name
23 error There is likely additional logging output above.
24 verbose exit [ 1, true ]
